<?xml version="1.0" encoding="UTF-8"?>
<testng-results ignored="0" total="1" passed="1" failed="0" skipped="0">
  <reporter-output>
  </reporter-output>
  <suite started-at="2022-02-21T10:52:39 BDT" name="Default suite" finished-at="2022-02-21T10:52:56 BDT" duration-ms="17361">
    <groups>
      <group name="BitsLogin/Registration">
        <method signature="BitsLoginLogoutTest.checkSuccessLoginFlow()[pri:0, instance:uitest.BitsLoginLogoutTest@31add175]" name="checkSuccessLoginFlow" class="uitest.BitsLoginLogoutTest"/>
      </group> <!-- BitsLogin/Registration -->
    </groups>
    <test started-at="2022-02-21T10:52:39 BDT" name="Default test" finished-at="2022-02-21T10:52:56 BDT" duration-ms="17361">
      <class name="uitest.BitsLoginLogoutTest">
        <test-method is-config="true" signature="setup()[pri:0, instance:uitest.BitsLoginLogoutTest@31add175]" started-at="2022-02-21T10:52:39 BDT" name="setup" finished-at="2022-02-21T10:52:42 BDT" duration-ms="3461" status="PASS">
          <reporter-output>
          </reporter-output>
        </test-method> <!-- setup -->
        <test-method is-config="true" signature="getLoginPage()[pri:0, instance:uitest.BitsLoginLogoutTest@31add175]" started-at="2022-02-21T10:52:42 BDT" name="getLoginPage" finished-at="2022-02-21T10:52:43 BDT" duration-ms="1319" status="PASS">
          <reporter-output>
          </reporter-output>
        </test-method> <!-- getLoginPage -->
        <test-method signature="checkSuccessLoginFlow()[pri:0, instance:uitest.BitsLoginLogoutTest@31add175]" started-at="2022-02-21T10:52:44 BDT" name="checkSuccessLoginFlow" description="validates success login/Logout flow" finished-at="2022-02-21T10:52:55 BDT" duration-ms="11625" status="PASS">
          <reporter-output>
          </reporter-output>
        </test-method> <!-- checkSuccessLoginFlow -->
        <test-method is-config="true" signature="teardown()[pri:0, instance:uitest.BitsLoginLogoutTest@31add175]" started-at="2022-02-21T10:52:55 BDT" name="teardown" finished-at="2022-02-21T10:52:56 BDT" duration-ms="719" status="PASS">
          <reporter-output>
          </reporter-output>
        </test-method> <!-- teardown -->
      </class> <!-- uitest.BitsLoginLogoutTest -->
    </test> <!-- Default test -->
  </suite> <!-- Default suite -->
</testng-results>
